[2014-06-18 10:22:57] START
[2014-06-18 10:34:33] CREATE demo.py: 0
[2014-06-18 10:35:54] EDIT piamed/controllers/demo.py: 1
[2014-06-18 10:36:30] EDIT piamed/controllers/demo.py: 1
[2014-06-18 10:39:23] EDIT piamed/controllers/demo.py: 2
[2014-06-18 10:40:42] EDIT piamed/controllers/demo.py: 0
[2014-06-18 10:40:52] EDIT piamed/controllers/demo.py: 0
[2014-06-18 10:40:58] EDIT piamed/controllers/demo.py: 0
[2014-06-18 10:41:15] EDIT piamed/controllers/demo.py: 0
[2014-06-18 10:41:20] EDIT piamed/controllers/demo.py: 0
[2014-06-18 10:42:18] EDIT piamed/controllers/demo.py: 3
[2014-06-18 10:44:27] EDIT piamed/controllers/demo.py: 1
[2014-06-18 10:44:45] EDIT piamed/controllers/demo.py: 1
[2014-06-18 10:46:17] EDIT piamed/controllers/demo.py: 1
[2014-06-18 10:46:30] EDIT piamed/controllers/demo.py: 0
[2014-06-18 10:46:48] EDIT piamed/controllers/demo.py: 0
[2014-06-18 10:47:16] EDIT piamed/controllers/demo.py: 0
[2014-06-18 10:48:09] EDIT piamed/controllers/demo.py: 1
[2014-06-18 10:48:21] EDIT piamed/controllers/demo.py: 0
[2014-06-18 10:52:41] EDIT piamed/controllers/demo.py: 2
[2014-06-18 10:52:50] EDIT piamed/controllers/demo.py: 0
[2014-06-18 10:53:42] CREATE default/indexpimp.html: 0
[2014-06-18 10:54:32] EDIT piamed/views/default/indexpimp.html: -1
[2014-06-18 10:55:03] EDIT piamed/views/default/indexpimp.html: 1
[2014-06-18 10:55:13] EDIT piamed/views/default/indexpimp.html: 0
[2014-06-18 10:57:26] CREATE demo/indexpimp.html: 0
[2014-06-18 10:58:06] EDIT piamed/views/demo/indexpimp.html: 0
[2014-06-18 10:58:53] EDIT piamed/controllers/demo.py: 0
[2014-06-18 10:59:36] EDIT piamed/views/demo/indexpimp.html: -1
[2014-06-18 11:05:56] EDIT piamed/controllers/demo.py: 3
[2014-06-18 11:06:37] EDIT piamed/controllers/demo.py: 0
[2014-06-18 11:06:47] EDIT piamed/controllers/demo.py: 0
[2014-06-18 11:07:13] EDIT piamed/controllers/demo.py: 0
[2014-06-18 11:08:17] EDIT piamed/controllers/demo.py: 0
[2014-06-18 11:09:26] EDIT piamed/controllers/demo.py: 0
[2014-06-18 11:09:49] EDIT piamed/controllers/demo.py: 0
[2014-06-18 11:11:13] EDIT piamed/controllers/demo.py: 0
[2014-06-18 11:11:43] EDIT piamed/controllers/demo.py: 0
[2014-06-18 11:13:29] EDIT piamed/controllers/demo.py: 0
[2014-06-18 11:13:35] EDIT piamed/controllers/demo.py: 0
[2014-06-18 11:13:39] EDIT piamed/controllers/demo.py: 0
[2014-06-18 11:28:21] EDIT piamed/controllers/demo.py: 4
[2014-06-18 11:30:28] EDIT piamed/controllers/demo.py: 0
[2014-06-18 11:30:53] EDIT piamed/controllers/demo.py: 1
[2014-06-18 11:31:14] EDIT piamed/controllers/demo.py: 0
[2014-06-18 11:31:19] EDIT piamed/controllers/demo.py: -1
[2014-06-18 11:32:40] EDIT piamed/controllers/demo.py: 0
[2014-06-18 11:33:06] EDIT piamed/controllers/demo.py: 0
[2014-06-18 11:33:46] EDIT piamed/controllers/demo.py: 0
[2014-06-18 11:33:47] EDIT piamed/controllers/demo.py: 0
[2014-06-18 11:34:02] EDIT piamed/controllers/demo.py: 0
[2014-06-18 11:35:39] EDIT piamed/controllers/demo.py: 2
[2014-06-18 11:36:19] EDIT piamed/controllers/demo.py: 0
[2014-06-18 11:36:35] EDIT piamed/controllers/demo.py: 0
[2014-06-18 13:29:39] EDIT piamed/controllers/demo.py: 0
[2014-06-18 13:30:06] EDIT piamed/controllers/demo.py: 0
[2014-06-18 13:30:09] EDIT piamed/controllers/demo.py: 0
[2014-06-18 13:30:27] EDIT piamed/controllers/demo.py: 0
[2014-06-18 13:30:38] EDIT piamed/controllers/demo.py: 0
[2014-06-18 13:30:49] EDIT piamed/controllers/demo.py: 0
[2014-06-18 13:30:59] EDIT piamed/controllers/demo.py: 0
[2014-06-18 13:33:24] EDIT piamed/controllers/demo.py: 1
[2014-06-18 13:33:37] EDIT piamed/controllers/demo.py: 0
[2014-06-18 13:34:13] EDIT piamed/controllers/demo.py: 1
[2014-06-18 13:34:47] EDIT piamed/controllers/demo.py: 0
[2014-06-18 13:35:21] CREATE demo/miform.html: 0
[2014-06-18 13:37:01] EDIT piamed/views/demo/miform.html: 4
[2014-06-18 13:37:10] EDIT piamed/views/demo/miform.html: 0
[2014-06-18 13:38:43] EDIT piamed/controllers/demo.py: 3
[2014-06-18 13:39:09] EDIT piamed/views/demo/miform.html: 0
[2014-06-18 13:39:49] EDIT piamed/views/demo/miform.html: 0
[2014-06-18 13:39:55] EDIT piamed/views/demo/miform.html: 0
[2014-06-18 13:41:13] EDIT piamed/views/demo/miform.html: 0
[2014-06-18 13:43:10] EDIT piamed/views/demo/miform.html: 2
[2014-06-18 13:45:39] EDIT piamed/controllers/demo.py: 3
[2014-06-18 13:46:22] EDIT piamed/controllers/demo.py: 0
[2014-06-18 13:46:25] EDIT piamed/controllers/demo.py: 0
[2014-06-18 13:46:36] EDIT piamed/controllers/demo.py: 0
[2014-06-18 13:46:42] EDIT piamed/controllers/demo.py: 0
[2014-06-18 13:47:31] EDIT piamed/views/demo/miform.html: 0
[2014-06-18 13:49:02] EDIT piamed/controllers/demo.py: 1
[2014-06-18 13:49:46] EDIT piamed/controllers/demo.py: 0
[2014-06-18 13:49:50] EDIT piamed/controllers/demo.py: 0
[2014-06-18 13:50:17] EDIT piamed/controllers/demo.py: 0
[2014-06-18 13:51:36] EDIT piamed/controllers/demo.py: 0
[2014-06-18 13:52:51] EDIT piamed/controllers/demo.py: 0
[2014-06-18 13:53:06] EDIT piamed/controllers/demo.py: 0
[2014-06-18 13:56:05] EDIT piamed/controllers/demo.py: 7
[2014-06-18 13:57:22] EDIT piamed/controllers/demo.py: 0
[2014-06-18 13:57:57] EDIT piamed/controllers/demo.py: -2
[2014-06-18 13:58:07] EDIT piamed/controllers/demo.py: 0
[2014-06-18 13:58:15] EDIT piamed/controllers/demo.py: 0
[2014-06-18 13:58:20] EDIT piamed/controllers/demo.py: 0
[2014-06-18 13:58:28] EDIT piamed/controllers/demo.py: 0
[2014-06-18 13:58:46] EDIT piamed/controllers/demo.py: 0
[2014-06-18 13:59:18] EDIT piamed/controllers/demo.py: 0
[2014-06-18 16:32:31] CREATE db1.py: 0
[2014-06-18 16:33:25] EDIT piamed/models/db1.py: 1
[2014-06-18 16:35:07] EDIT piamed/models/db1.py: 0
[2014-06-18 16:36:40] EDIT piamed/models/menu.py: 0
[2014-06-18 16:38:10] EDIT piamed/models/db1.py: 3
[2014-06-18 16:38:20] EDIT piamed/models/db1.py: 0
[2014-06-18 16:38:33] EDIT piamed/models/db1.py: 0
[2014-06-18 16:39:40] EDIT piamed/models/db1.py: 0
[2014-06-18 16:40:02] EDIT piamed/models/db1.py: 0
[2014-06-18 16:40:26] EDIT piamed/models/db1.py: 0
[2014-06-18 16:40:37] EDIT piamed/models/db1.py: 0
[2014-06-18 16:40:51] EDIT piamed/models/db1.py: 0
[2014-06-18 16:41:28] EDIT piamed/models/db1.py: 0
[2014-06-18 16:41:52] EDIT piamed/models/db1.py: 0
[2014-06-18 16:46:13] EDIT piamed/models/db1.py: 0
[2014-06-18 16:47:57] EDIT piamed/controllers/demo.py: 3
[2014-06-18 16:48:21] CREATE demo/dataform.html: 0
[2014-06-18 16:48:46] EDIT piamed/views/demo/dataform.html: 2
[2014-06-18 16:49:40] DELETE piamed/views/default/indexpimp.html: -3
[2014-06-18 16:49:50] DELETE piamed/views/demo/dataform.html: -5
[2014-06-18 16:50:03] CREATE demo/formdata.html: 0
[2014-06-18 16:50:17] EDIT piamed/views/demo/formdata.html: 2
[2014-06-18 16:51:02] EDIT piamed/controllers/demo.py: 0
[2014-06-18 16:52:39] EDIT piamed/controllers/demo.py: 0
[2014-06-18 16:54:06] EDIT piamed/controllers/demo.py: 0
[2014-06-18 16:54:28] EDIT piamed/controllers/demo.py: 0
[2014-06-18 16:57:07] EDIT piamed/views/demo/formdata.html: 4
[2014-06-18 16:57:46] EDIT piamed/controllers/demo.py: 1
[2014-06-18 16:58:02] EDIT piamed/controllers/demo.py: 0
[2014-06-18 17:07:43] EDIT piamed/views/demo/formdata.html: 9
[2014-06-18 17:08:05] EDIT piamed/views/demo/formdata.html: 0
[2014-06-18 17:08:32] EDIT piamed/views/demo/formdata.html: 0
[2014-06-18 17:08:36] EDIT piamed/views/demo/formdata.html: 0
[2014-06-18 17:08:50] EDIT piamed/views/demo/formdata.html: -1
[2014-06-18 17:09:08] EDIT piamed/views/demo/formdata.html: 1
[2014-06-18 17:14:29] EDIT piamed/views/demo/formdata.html: 0
[2014-06-18 17:14:55] EDIT piamed/controllers/demo.py: 0
[2014-06-18 17:15:32] EDIT piamed/views/demo/formdata.html: 0
[2014-06-18 17:16:07] EDIT piamed/controllers/demo.py: 0
[2014-06-18 17:16:32] EDIT piamed/controllers/demo.py: 0
[2014-06-18 17:29:42] CREATE blog.py: 0
[2014-06-18 17:37:35] EDIT piamed/controllers/blog.py: 7
[2014-06-18 17:38:00] CREATE blog/index.html: 0
[2014-06-18 17:38:53] EDIT piamed/controllers/blog.py: 0
[2014-06-18 17:42:22] EDIT piamed/views/blog/index.html: 13
[2014-06-18 17:43:04] EDIT piamed/views/blog/index.html: 0
[2014-06-18 17:43:30] EDIT piamed/controllers/blog.py: 1
[2014-06-18 17:43:39] CREATE blog/show.html: 0
[2014-06-18 17:43:45] CREATE blog/create.html: 0
[2014-06-18 17:44:51] EDIT piamed/views/blog/show.html: 3
[2014-06-18 17:45:15] EDIT piamed/views/blog/create.html: 0
[2014-06-18 17:46:19] EDIT piamed/controllers/blog.py: 0
[2014-06-18 17:47:07] EDIT piamed/controllers/blog.py: 0
[2014-06-18 17:47:33] EDIT piamed/views/blog/show.html: -5
[2014-06-18 17:49:39] EDIT piamed/views/blog/show.html: 5
[2014-06-18 17:49:57] EDIT piamed/views/blog/show.html: 0
[2014-06-18 17:50:22] EDIT piamed/controllers/blog.py: 0
[2014-06-18 17:51:07] EDIT piamed/controllers/blog.py: 1
[2014-06-18 17:51:44] EDIT piamed/controllers/blog.py: 1
[2014-06-18 17:52:43] EDIT piamed/views/blog/index.html: 0
[2014-06-18 17:53:34] EDIT piamed/views/blog/index.html: 0
[2014-06-18 17:53:56] EDIT piamed/views/blog/index.html: 0
[2014-06-18 23:11:32] EDIT piamed/controllers/blog.py: 1
[2014-06-18 23:12:52] EDIT piamed/controllers/blog.py: 0
[2014-06-18 23:15:06] EDIT piamed/models/menu.py: -103
[2014-06-18 23:15:09] EDIT piamed/models/menu.py: 0
[2014-06-18 23:15:25] EDIT piamed/models/menu.py: 0
[2014-06-18 23:17:58] EDIT piamed/controllers/blog.py: 2
[2014-06-18 23:19:32] EDIT piamed/controllers/blog.py: 1
[2014-06-18 23:20:55] EDIT piamed/controllers/blog.py: 0
[2014-06-18 23:24:49] EDIT piamed/controllers/blog.py: 3
[2014-06-18 23:27:47] EDIT piamed/controllers/blog.py: 1
[2014-06-18 23:30:48] EDIT piamed/views/blog/index.html: 0
[2014-06-18 23:31:03] EDIT piamed/views/blog/index.html: 0
[2014-06-18 23:31:11] EDIT piamed/views/blog/index.html: 0
[2014-06-18 23:41:28] EDIT piamed/models/db1.py: 0
[2014-06-18 23:41:56] EDIT piamed/views/blog/index.html: 0
[2014-06-18 23:42:10] EDIT piamed/views/blog/index.html: 0
[2014-06-18 23:42:41] EDIT piamed/views/blog/show.html: 0
[2014-06-18 23:43:44] EDIT piamed/controllers/blog.py: 0
[2014-06-18 23:44:44] EDIT piamed/views/blog/show.html: 0
[2014-06-18 23:44:56] EDIT piamed/views/blog/show.html: 0
[2014-06-18 23:50:54] EDIT piamed/views/blog/show.html: 0
[2014-06-18 23:51:47] EDIT piamed/views/blog/show.html: 0
[2014-06-18 23:52:35] EDIT piamed/views/blog/show.html: 1
[2014-06-18 23:52:56] EDIT piamed/views/blog/show.html: 0
[2014-06-18 23:57:07] EDIT piamed/views/blog/show.html: 0
[2014-06-18 23:59:18] EDIT piamed/views/blog/show.html: 1
[2014-06-19 00:02:48] EDIT piamed/controllers/blog.py: 0
[2014-06-19 00:04:46] EDIT piamed/controllers/blog.py: 1
[2014-06-19 00:07:08] EDIT piamed/models/menu.py: 0
[2014-06-19 00:08:49] EDIT piamed/models/menu.py: 2
[2014-06-19 00:09:23] EDIT piamed/models/menu.py: -1
[2014-06-19 00:09:42] EDIT piamed/models/menu.py: 0
[2014-06-19 00:10:02] EDIT piamed/models/menu.py: 0
[2014-06-19 13:42:28] EDIT piamed/models/menu.py: 0
[2014-06-19 13:43:00] EDIT piamed/views/blog/show.html: 1
[2014-06-19 13:47:58] EDIT piamed/models/db1.py: 4
[2014-06-19 13:50:16] EDIT piamed/controllers/blog.py: 3
[2014-06-19 13:53:06] EDIT piamed/controllers/blog.py: 2
[2014-06-19 13:53:52] EDIT piamed/controllers/blog.py: 0
[2014-06-19 13:54:13] EDIT piamed/views/blog/show.html: 2
[2014-06-19 13:54:15] EDIT piamed/views/blog/show.html: 0
[2014-06-19 13:55:28] EDIT piamed/controllers/blog.py: 0
[2014-06-19 13:55:44] EDIT piamed/controllers/blog.py: 0
[2014-06-19 13:55:56] EDIT piamed/views/blog/show.html: 0
[2014-06-19 13:56:12] EDIT piamed/views/blog/show.html: 0
[2014-06-19 13:57:04] EDIT piamed/views/blog/show.html: 0
[2014-06-19 13:57:31] EDIT piamed/models/db1.py: 0
[2014-06-19 13:59:05] EDIT piamed/controllers/blog.py: 0
[2014-06-19 13:59:28] EDIT piamed/controllers/blog.py: 0
[2014-06-19 13:59:30] EDIT piamed/controllers/blog.py: 0
[2014-06-19 14:05:00] EDIT piamed/views/blog/show.html: 6
[2014-06-19 14:05:14] EDIT piamed/views/blog/show.html: 0
[2014-06-19 14:08:04] EDIT piamed/views/blog/show.html: 0
[2014-06-19 14:08:57] EDIT piamed/views/blog/show.html: 0
[2014-06-19 14:27:14] CREATE blog/manager.html: 0
[2014-06-19 14:27:41] EDIT piamed/views/blog/manager.html: 0
[2014-06-19 14:27:54] EDIT piamed/controllers/blog.py: 0
[2014-06-19 14:28:03] EDIT piamed/models/menu.py: 0
[2014-06-19 14:28:32] EDIT piamed/views/blog/manager.html: 0
